This is XeTeX, Version 3.141592653-2.6-0.999994 (TeX Live 2022) (preloaded format=xelatex 2022.5.8)  29 MAY 2022 13:36
entering extended mode
 restricted \write18 enabled.
 %&-line parsing enabled.
**results.tex
(./results.tex
LaTeX2e <2021-11-15> patch level 1
L3 programming layer <2022-02-24>
! Undefined control sequence.
l.2 \section
            {Результаты}
The control sequence at the end of the top line
of your error message was never \def'ed. If you have
misspelled it (e.g., `\hobx'), type `I' and the correct
spelling (e.g., `I\hbox'). Otherwise just continue,
and I'll forget about whatever was undefined.


! LaTeX Error: Missing \begin{document}.

See the LaTeX manual or LaTeX Companion for explanation.
Type  H <return>  for immediate help.
 ...                                              
                                                  
l.2 \section{Р
              езультаты}
You're in trouble here.  Try typing  <return>  to proceed.
If that doesn't work, type  X <return>  to quit.

Missing character: There is no Р ("420) in font nullfont!
Missing character: There is no е ("435) in font nullfont!
Missing character: There is no з ("437) in font nullfont!
Missing character: There is no у ("443) in font nullfont!
Missing character: There is no л ("43B) in font nullfont!
Missing character: There is no ь ("44C) in font nullfont!
Missing character: There is no т ("442) in font nullfont!
Missing character: There is no а ("430) in font nullfont!
Missing character: There is no т ("442) in font nullfont!
Missing character: There is no ы ("44B) in font nullfont!

Overfull \hbox (20.0pt too wide) in paragraph at lines 2--3
[] 
 []


! LaTeX Error: Missing \begin{document}.

See the LaTeX manual or LaTeX Companion for explanation.
Type  H <return>  for immediate help.
 ...                                              
                                                  
l.4 П
     риложения Controller и приложение для тестирования Fake Service Discove...

You're in trouble here.  Try typing  <return>  to proceed.
If that doesn't work, type  X <return>  to quit.

Missing character: There is no П ("41F) in font nullfont!
Missing character: There is no р ("440) in font nullfont!
Missing character: There is no и ("438) in font nullfont!
Missing character: There is no л ("43B) in font nullfont!
Missing character: There is no о ("43E) in font nullfont!
Missing character: There is no ж ("436) in font nullfont!
Missing character: There is no е ("435) in font nullfont!
Missing character: There is no н ("43D) in font nullfont!
Missing character: There is no и ("438) in font nullfont!
Missing character: There is no я ("44F) in font nullfont!
Missing character: There is no C ("43) in font nullfont!
Missing character: There is no o ("6F) in font nullfont!
Missing character: There is no n ("6E) in font nullfont!
Missing character: There is no t ("74) in font nullfont!
Missing character: There is no r ("72) in font nullfont!
Missing character: There is no o ("6F) in font nullfont!
Missing character: There is no l ("6C) in font nullfont!
Missing character: There is no l ("6C) in font nullfont!
Missing character: There is no e ("65) in font nullfont!
Missing character: There is no r ("72) in font nullfont!
Missing character: There is no и ("438) in font nullfont!
Missing character: There is no п ("43F) in font nullfont!
Missing character: There is no р ("440) in font nullfont!
Missing character: There is no и ("438) in font nullfont!
Missing character: There is no л ("43B) in font nullfont!
Missing character: There is no о ("43E) in font nullfont!
Missing character: There is no ж ("436) in font nullfont!
Missing character: There is no е ("435) in font nullfont!
Missing character: There is no н ("43D) in font nullfont!
Missing character: There is no и ("438) in font nullfont!
Missing character: There is no е ("435) in font nullfont!
Missing character: There is no д ("434) in font nullfont!
Missing character: There is no л ("43B) in font nullfont!
Missing character: There is no я ("44F) in font nullfont!
Missing character: There is no т ("442) in font nullfont!
Missing character: There is no е ("435) in font nullfont!
Missing character: There is no с ("441) in font nullfont!
Missing character: There is no т ("442) in font nullfont!
Missing character: There is no и ("438) in font nullfont!
Missing character: There is no р ("440) in font nullfont!
Missing character: There is no о ("43E) in font nullfont!
Missing character: There is no в ("432) in font nullfont!
Missing character: There is no а ("430) in font nullfont!
Missing character: There is no н ("43D) in font nullfont!
Missing character: There is no и ("438) in font nullfont!
Missing character: There is no я ("44F) in font nullfont!
Missing character: There is no F ("46) in font nullfont!
Missing character: There is no a ("61) in font nullfont!
Missing character: There is no k ("6B) in font nullfont!
Missing character: There is no e ("65) in font nullfont!
Missing character: There is no S ("53) in font nullfont!
Missing character: There is no e ("65) in font nullfont!
Missing character: There is no r ("72) in font nullfont!
Missing character: There is no v ("76) in font nullfont!
Missing character: There is no i ("69) in font nullfont!
Missing character: There is no c ("63) in font nullfont!
Missing character: There is no e ("65) in font nullfont!
Missing character: There is no D ("44) in font nullfont!
Missing character: There is no i ("69) in font nullfont!
Missing character: There is no s ("73) in font nullfont!
Missing character: There is no c ("63) in font nullfont!
Missing character: There is no o ("6F) in font nullfont!
Missing character: There is no v ("76) in font nullfont!
Missing character: There is no e ("65) in font nullfont!
Missing character: There is no r ("72) in font nullfont!
Missing character: There is no y ("79) in font nullfont!
Missing character: There is no б ("431) in font nullfont!
Missing character: There is no ы ("44B) in font nullfont!
Missing character: There is no л ("43B) in font nullfont!
Missing character: There is no и ("438) in font nullfont!
Missing character: There is no н ("43D) in font nullfont!
Missing character: There is no а ("430) in font nullfont!
Missing character: There is no п ("43F) in font nullfont!
Missing character: There is no и ("438) in font nullfont!
Missing character: There is no с ("441) in font nullfont!
Missing character: There is no а ("430) in font nullfont!
Missing character: There is no н ("43D) in font nullfont!
Missing character: There is no ы ("44B) in font nullfont!
Missing character: There is no н ("43D) in font nullfont!
Missing character: There is no а ("430) in font nullfont!
Missing character: There is no я ("44F) in font nullfont!
Missing character: There is no з ("437) in font nullfont!
Missing character: There is no ы ("44B) in font nullfont!
Missing character: There is no к ("43A) in font nullfont!
Missing character: There is no е ("435) in font nullfont!
Missing character: There is no J ("4A) in font nullfont!
Missing character: There is no a ("61) in font nullfont!
Missing character: There is no v ("76) in font nullfont!
Missing character: There is no a ("61) in font nullfont!
Missing character: There is no 1 ("31) in font nullfont!
Missing character: There is no 7 ("37) in font nullfont!
Missing character: There is no с ("441) in font nullfont!
Missing character: There is no и ("438) in font nullfont!
Missing character: There is no с ("441) in font nullfont!
Missing character: There is no п ("43F) in font nullfont!
Missing character: There is no о ("43E) in font nullfont!
Missing character: There is no л ("43B) in font nullfont!
Missing character: There is no ь ("44C) in font nullfont!
Missing character: There is no з ("437) in font nullfont!
Missing character: There is no о ("43E) in font nullfont!
Missing character: There is no в ("432) in font nullfont!
Missing character: There is no а ("430) in font nullfont!
Missing character: There is no н ("43D) in font nullfont!
Missing character: There is no и ("438) in font nullfont!
Missing character: There is no е ("435) in font nullfont!
Missing character: There is no м ("43C) in font nullfont!
Missing character: There is no ф ("444) in font nullfont!
Missing character: There is no р ("440) in font nullfont!
Missing character: There is no е ("435) in font nullfont!
Missing character: There is no й ("439) in font nullfont!
Missing character: There is no м ("43C) in font nullfont!
Missing character: There is no в ("432) in font nullfont!
Missing character: There is no о ("43E) in font nullfont!
Missing character: There is no р ("440) in font nullfont!
Missing character: There is no к ("43A) in font nullfont!
Missing character: There is no а ("430) in font nullfont!
Missing character: There is no S ("53) in font nullfont!
Missing character: There is no p ("70) in font nullfont!
Missing character: There is no r ("72) in font nullfont!
Missing character: There is no i ("69) in font nullfont!
Missing character: There is no n ("6E) in font nullfont!
Missing character: There is no g ("67) in font nullfont!
Missing character: There is no и ("438) in font nullfont!
Missing character: There is no б ("431) in font nullfont!
Missing character: There is no и ("438) in font nullfont!
Missing character: There is no б ("431) in font nullfont!
Missing character: There is no л ("43B) in font nullfont!
Missing character: There is no и ("438) in font nullfont!
Missing character: There is no о ("43E) in font nullfont!
Missing character: There is no т ("442) in font nullfont!
Missing character: There is no е ("435) in font nullfont!
Missing character: There is no к ("43A) in font nullfont!
Missing character: There is no i ("69) in font nullfont!
Missing character: There is no o ("6F) in font nullfont!
Missing character: There is no . ("2E) in font nullfont!
Missing character: There is no e ("65) in font nullfont!
Missing character: There is no n ("6E) in font nullfont!
Missing character: There is no v ("76) in font nullfont!
Missing character: There is no o ("6F) in font nullfont!
Missing character: There is no y ("79) in font nullfont!
Missing character: There is no p ("70) in font nullfont!
Missing character: There is no r ("72) in font nullfont!
Missing character: There is no o ("6F) in font nullfont!
Missing character: There is no x ("78) in font nullfont!
Missing character: There is no y ("79) in font nullfont!
Missing character: There is no . ("2E) in font nullfont!
Missing character: There is no c ("63) in font nullfont!
Missing character: There is no o ("6F) in font nullfont!
Missing character: There is no n ("6E) in font nullfont!
Missing character: There is no t ("74) in font nullfont!
Missing character: There is no r ("72) in font nullfont!
Missing character: There is no o ("6F) in font nullfont!
Missing character: There is no l ("6C) in font nullfont!
Missing character: There is no p ("70) in font nullfont!
Missing character: There is no l ("6C) in font nullfont!
Missing character: There is no a ("61) in font nullfont!
Missing character: There is no n ("6E) in font nullfont!
Missing character: There is no e ("65) in font nullfont!
Missing character: There is no , ("2C) in font nullfont!
Missing character: There is no i ("69) in font nullfont!
Missing character: There is no o ("6F) in font nullfont!
Missing character: There is no . ("2E) in font nullfont!
Missing character: There is no g ("67) in font nullfont!
Missing character: There is no r ("72) in font nullfont!
Missing character: There is no p ("70) in font nullfont!
Missing character: There is no c ("63) in font nullfont!
Missing character: There is no . ("2E) in font nullfont!
Missing character: There is no С ("421) in font nullfont!
Missing character: There is no к ("43A) in font nullfont!
Missing character: There is no р ("440) in font nullfont!
Missing character: There is no и ("438) in font nullfont!
Missing character: There is no п ("43F) in font nullfont!
Missing character: There is no т ("442) in font nullfont!
Missing character: There is no д ("434) in font nullfont!
Missing character: There is no л ("43B) in font nullfont!
Missing character: There is no я ("44F) in font nullfont!
Missing character: There is no с ("441) in font nullfont!
Missing character: There is no о ("43E) in font nullfont!
Missing character: There is no з ("437) in font nullfont!
Missing character: There is no д ("434) in font nullfont!
Missing character: There is no а ("430) in font nullfont!
Missing character: There is no н ("43D) in font nullfont!
Missing character: There is no и ("438) in font nullfont!
Missing character: There is no я ("44F) in font nullfont!
Missing character: There is no ш ("448) in font nullfont!
Missing character: There is no а ("430) in font nullfont!
Missing character: There is no б ("431) in font nullfont!
Missing character: There is no л ("43B) in font nullfont!
Missing character: There is no о ("43E) in font nullfont!
Missing character: There is no н ("43D) in font nullfont!
Missing character: There is no н ("43D) in font nullfont!
Missing character: There is no о ("43E) in font nullfont!
Missing character: There is no й ("439) in font nullfont!
Missing character: There is no к ("43A) in font nullfont!
Missing character: There is no о ("43E) in font nullfont!
Missing character: There is no н ("43D) in font nullfont!
Missing character: There is no ф ("444) in font nullfont!
Missing character: There is no и ("438) in font nullfont!
Missing character: There is no г ("433) in font nullfont!
Missing character: There is no у ("443) in font nullfont!
Missing character: There is no р ("440) in font nullfont!
Missing character: There is no а ("430) in font nullfont!
Missing character: There is no ц ("446) in font nullfont!
Missing character: There is no и ("438) in font nullfont!
Missing character: There is no и ("438) in font nullfont!
Missing character: There is no E ("45) in font nullfont!
Missing character: There is no n ("6E) in font nullfont!
Missing character: There is no v ("76) in font nullfont!
Missing character: There is no o ("6F) in font nullfont!
Missing character: There is no y ("79) in font nullfont!
Missing character: There is no б ("431) in font nullfont!
Missing character: There is no ы ("44B) in font nullfont!
Missing character: There is no л ("43B) in font nullfont!
Missing character: There is no н ("43D) in font nullfont!
Missing character: There is no а ("430) in font nullfont!
Missing character: There is no п ("43F) in font nullfont!
Missing character: There is no и ("438) in font nullfont!
Missing character: There is no с ("441) in font nullfont!
Missing character: There is no а ("430) in font nullfont!
Missing character: There is no н ("43D) in font nullfont!
Missing character: There is no н ("43D) in font nullfont!
Missing character: There is no а ("430) in font nullfont!
Missing character: There is no я ("44F) in font nullfont!
Missing character: There is no з ("437) in font nullfont!
Missing character: There is no ы ("44B) in font nullfont!
Missing character: There is no к ("43A) in font nullfont!
Missing character: There is no е ("435) in font nullfont!
Missing character: There is no b ("62) in font nullfont!
Missing character: There is no a ("61) in font nullfont!
Missing character: There is no s ("73) in font nullfont!
Missing character: There is no h ("68) in font nullfont!
Missing character: There is no . ("2E) in font nullfont!
Missing character: There is no И ("418) in font nullfont!
Missing character: There is no п ("43F) in font nullfont!
Missing character: There is no р ("440) in font nullfont!
Missing character: There is no и ("438) in font nullfont!
Missing character: There is no л ("43B) in font nullfont!
Missing character: There is no о ("43E) in font nullfont!
Missing character: There is no ж ("436) in font nullfont!
Missing character: There is no е ("435) in font nullfont!
Missing character: There is no н ("43D) in font nullfont!
Missing character: There is no и ("438) in font nullfont!
Missing character: There is no я ("44F) in font nullfont!
Missing character: There is no e ("65) in font nullfont!
Missing character: There is no c ("63) in font nullfont!
Missing character: There is no h ("68) in font nullfont!
Missing character: There is no o ("6F) in font nullfont!
Missing character: There is no - ("2D) in font nullfont!
Missing character: There is no s ("73) in font nullfont!
Missing character: There is no e ("65) in font nullfont!
Missing character: There is no r ("72) in font nullfont!
Missing character: There is no v ("76) in font nullfont!
Missing character: There is no e ("65) in font nullfont!
Missing character: There is no r ("72) in font nullfont!
Missing character: There is no и ("438) in font nullfont!
Missing character: There is no s ("73) in font nullfont!
Missing character: There is no e ("65) in font nullfont!
Missing character: There is no r ("72) in font nullfont!
Missing character: There is no v ("76) in font nullfont!
Missing character: There is no i ("69) in font nullfont!
Missing character: There is no c ("63) in font nullfont!
Missing character: There is no e ("65) in font nullfont!
Missing character: There is no д ("434) in font nullfont!
Missing character: There is no л ("43B) in font nullfont!
Missing character: There is no я ("44F) in font nullfont!
Missing character: There is no т ("442) in font nullfont!
Missing character: There is no е ("435) in font nullfont!
Missing character: There is no с ("441) in font nullfont!
Missing character: There is no т ("442) in font nullfont!
Missing character: There is no и ("438) in font nullfont!
Missing character: There is no р ("440) in font nullfont!
Missing character: There is no о ("43E) in font nullfont!
Missing character: There is no в ("432) in font nullfont!
Missing character: There is no а ("430) in font nullfont!
Missing character: There is no н ("43D) in font nullfont!
Missing character: There is no и ("438) in font nullfont!
Missing character: There is no я ("44F) in font nullfont!
Missing character: There is no б ("431) in font nullfont!
Missing character: There is no ы ("44B) in font nullfont!
Missing character: There is no л ("43B) in font nullfont!
Missing character: There is no и ("438) in font nullfont!
Missing character: There is no н ("43D) in font nullfont!
Missing character: There is no а ("430) in font nullfont!
Missing character: There is no п ("43F) in font nullfont!
Missing character: There is no и ("438) in font nullfont!
Missing character: There is no с ("441) in font nullfont!
Missing character: There is no а ("430) in font nullfont!
Missing character: There is no н ("43D) in font nullfont!
Missing character: There is no ы ("44B) in font nullfont!
Missing character: There is no н ("43D) in font nullfont!
Missing character: There is no а ("430) in font nullfont!
Missing character: There is no я ("44F) in font nullfont!
Missing character: There is no з ("437) in font nullfont!
Missing character: There is no ы ("44B) in font nullfont!
Missing character: There is no к ("43A) in font nullfont!
Missing character: There is no е ("435) in font nullfont!
Missing character: There is no P ("50) in font nullfont!
Missing character: There is no y ("79) in font nullfont!
Missing character: There is no t ("74) in font nullfont!
Missing character: There is no h ("68) in font nullfont!
Missing character: There is no o ("6F) in font nullfont!
Missing character: There is no n ("6E) in font nullfont!
Missing character: There is no с ("441) in font nullfont!
Missing character: There is no и ("438) in font nullfont!
Missing character: There is no с ("441) in font nullfont!
Missing character: There is no п ("43F) in font nullfont!
Missing character: There is no о ("43E) in font nullfont!
Missing character: There is no л ("43B) in font nullfont!
Missing character: There is no ь ("44C) in font nullfont!
Missing character: There is no з ("437) in font nullfont!
Missing character: There is no о ("43E) in font nullfont!
Missing character: There is no в ("432) in font nullfont!
Missing character: There is no а ("430) in font nullfont!
Missing character: There is no н ("43D) in font nullfont!
Missing character: There is no и ("438) in font nullfont!
Missing character: There is no е ("435) in font nullfont!
Missing character: There is no м ("43C) in font nullfont!
Missing character: There is no f ("66) in font nullfont!
Missing character: There is no l ("6C) in font nullfont!
Missing character: There is no a ("61) in font nullfont!
Missing character: There is no s ("73) in font nullfont!
Missing character: There is no k ("6B) in font nullfont!
Missing character: There is no . ("2E) in font nullfont!

Overfull \hbox (20.0pt too wide) in paragraph at lines 4--5
[]
 []

! Undefined control sequence.
l.6 \section
            {Заключение}
The control sequence at the end of the top line
of your error message was never \def'ed. If you have
misspelled it (e.g., `\hobx'), type `I' and the correct
spelling (e.g., `I\hbox'). Otherwise just continue,
and I'll forget about whatever was undefined.


! LaTeX Error: Missing \begin{document}.

See the LaTeX manual or LaTeX Companion for explanation.
Type  H <return>  for immediate help.
 ...                                              
                                                  
l.6 \section{З
              аключение}
You're in trouble here.  Try typing  <return>  to proceed.
If that doesn't work, type  X <return>  to quit.

Missing character: There is no З ("417) in font nullfont!
Missing character: There is no а ("430) in font nullfont!
Missing character: There is no к ("43A) in font nullfont!
Missing character: There is no л ("43B) in font nullfont!
Missing character: There is no ю ("44E) in font nullfont!
Missing character: There is no ч ("447) in font nullfont!
Missing character: There is no е ("435) in font nullfont!
Missing character: There is no н ("43D) in font nullfont!
Missing character: There is no и ("438) in font nullfont!
Missing character: There is no е ("435) in font nullfont!

Overfull \hbox (20.0pt too wide) in paragraph at lines 6--7
[] 
 []


! LaTeX Error: Missing \begin{document}.

See the LaTeX manual or LaTeX Companion for explanation.
Type  H <return>  for immediate help.
 ...                                              
                                                  
l.8 В
      рамках данной работы проводилось исследование существующих подходов к ...

You're in trouble here.  Try typing  <return>  to proceed.
If that doesn't work, type  X <return>  to quit.

Missing character: There is no В ("412) in font nullfont!
Missing character: There is no р ("440) in font nullfont!
Missing character: There is no а ("430) in font nullfont!
Missing character: There is no м ("43C) in font nullfont!
Missing character: There is no к ("43A) in font nullfont!
Missing character: There is no а ("430) in font nullfont!
Missing character: There is no х ("445) in font nullfont!
Missing character: There is no д ("434) in font nullfont!
Missing character: There is no а ("430) in font nullfont!
Missing character: There is no н ("43D) in font nullfont!
Missing character: There is no н ("43D) in font nullfont!
Missing character: There is no о ("43E) in font nullfont!
Missing character: There is no й ("439) in font nullfont!
Missing character: There is no р ("440) in font nullfont!
Missing character: There is no а ("430) in font nullfont!
Missing character: There is no б ("431) in font nullfont!
Missing character: There is no о ("43E) in font nullfont!
Missing character: There is no т ("442) in font nullfont!
Missing character: There is no ы ("44B) in font nullfont!
Missing character: There is no п ("43F) in font nullfont!
Missing character: There is no р ("440) in font nullfont!
Missing character: There is no о ("43E) in font nullfont!
Missing character: There is no в ("432) in font nullfont!
Missing character: There is no о ("43E) in font nullfont!
Missing character: There is no д ("434) in font nullfont!
Missing character: There is no и ("438) in font nullfont!
Missing character: There is no л ("43B) in font nullfont!
Missing character: There is no о ("43E) in font nullfont!
Missing character: There is no с ("441) in font nullfont!
Missing character: There is no ь ("44C) in font nullfont!
Missing character: There is no и ("438) in font nullfont!
Missing character: There is no с ("441) in font nullfont!
Missing character: There is no с ("441) in font nullfont!
Missing character: There is no л ("43B) in font nullfont!
Missing character: There is no е ("435) in font nullfont!
Missing character: There is no д ("434) in font nullfont!
Missing character: There is no о ("43E) in font nullfont!
Missing character: There is no в ("432) in font nullfont!
Missing character: There is no а ("430) in font nullfont!
Missing character: There is no н ("43D) in font nullfont!
Missing character: There is no и ("438) in font nullfont!
Missing character: There is no е ("435) in font nullfont!
Missing character: There is no с ("441) in font nullfont!
Missing character: There is no у ("443) in font nullfont!
Missing character: There is no щ ("449) in font nullfont!
Missing character: There is no е ("435) in font nullfont!
Missing character: There is no с ("441) in font nullfont!
Missing character: There is no т ("442) in font nullfont!
Missing character: There is no в ("432) in font nullfont!
Missing character: There is no у ("443) in font nullfont!
Missing character: There is no ю ("44E) in font nullfont!
Missing character: There is no щ ("449) in font nullfont!
Missing character: There is no и ("438) in font nullfont!
Missing character: There is no х ("445) in font nullfont!
Missing character: There is no п ("43F) in font nullfont!
Missing character: There is no о ("43E) in font nullfont!
Missing character: There is no д ("434) in font nullfont!
Missing character: There is no х ("445) in font nullfont!
Missing character: There is no о ("43E) in font nullfont!
Missing character: There is no д ("434) in font nullfont!
Missing character: There is no о ("43E) in font nullfont!
Missing character: There is no в ("432) in font nullfont!
Missing character: There is no к ("43A) in font nullfont!
Missing character: There is no р ("440) in font nullfont!
Missing character: There is no е ("435) in font nullfont!
Missing character: There is no а ("430) in font nullfont!
Missing character: There is no л ("43B) in font nullfont!
Missing character: There is no и ("438) in font nullfont!
Missing character: There is no з ("437) in font nullfont!
Missing character: There is no а ("430) in font nullfont!
Missing character: There is no ц ("446) in font nullfont!
Missing character: There is no и ("438) in font nullfont!
Missing character: There is no и ("438) in font nullfont!
Missing character: There is no S ("53) in font nullfont!
Missing character: There is no e ("65) in font nullfont!
Missing character: There is no r ("72) in font nullfont!
Missing character: There is no v ("76) in font nullfont!
Missing character: There is no i ("69) in font nullfont!
Missing character: There is no c ("63) in font nullfont!
Missing character: There is no e ("65) in font nullfont!
Missing character: There is no M ("4D) in font nullfont!
Missing character: There is no e ("65) in font nullfont!
Missing character: There is no s ("73) in font nullfont!
Missing character: There is no h ("68) in font nullfont!
Missing character: There is no и ("438) in font nullfont!
Missing character: There is no н ("43D) in font nullfont!
Missing character: There is no а ("430) in font nullfont!
Missing character: There is no о ("43E) in font nullfont!
Missing character: There is no с ("441) in font nullfont!
Missing character: There is no н ("43D) in font nullfont!
Missing character: There is no о ("43E) in font nullfont!
Missing character: There is no в ("432) in font nullfont!
Missing character: There is no е ("435) in font nullfont!
Missing character: There is no р ("440) in font nullfont!
Missing character: There is no а ("430) in font nullfont!
Missing character: There is no с ("441) in font nullfont!
Missing character: There is no с ("441) in font nullfont!
Missing character: There is no м ("43C) in font nullfont!
Missing character: There is no о ("43E) in font nullfont!
Missing character: There is no т ("442) in font nullfont!
Missing character: There is no р ("440) in font nullfont!
Missing character: There is no е ("435) in font nullfont!
Missing character: There is no н ("43D) in font nullfont!
Missing character: There is no н ("43D) in font nullfont!
Missing character: There is no ы ("44B) in font nullfont!
Missing character: There is no х ("445) in font nullfont!
Missing character: There is no п ("43F) in font nullfont!
Missing character: There is no о ("43E) in font nullfont!
Missing character: There is no д ("434) in font nullfont!
Missing character: There is no х ("445) in font nullfont!
Missing character: There is no о ("43E) in font nullfont!
Missing character: There is no д ("434) in font nullfont!
Missing character: There is no о ("43E) in font nullfont!
Missing character: There is no в ("432) in font nullfont!
Missing character: There is no б ("431) in font nullfont!
Missing character: There is no ы ("44B) in font nullfont!
Missing character: There is no л ("43B) in font nullfont!
Missing character: There is no а ("430) in font nullfont!
Missing character: There is no п ("43F) in font nullfont!
Missing character: There is no р ("440) in font nullfont!
Missing character: There is no е ("435) in font nullfont!
Missing character: There is no д ("434) in font nullfont!
Missing character: There is no л ("43B) in font nullfont!
Missing character: There is no о ("43E) in font nullfont!
Missing character: There is no ж ("436) in font nullfont!
Missing character: There is no е ("435) in font nullfont!
Missing character: There is no н ("43D) in font nullfont!
Missing character: There is no а ("430) in font nullfont!
Missing character: There is no а ("430) in font nullfont!
Missing character: There is no р ("440) in font nullfont!
Missing character: There is no х ("445) in font nullfont!
Missing character: There is no и ("438) in font nullfont!
Missing character: There is no т ("442) in font nullfont!
Missing character: There is no е ("435) in font nullfont!
Missing character: There is no к ("43A) in font nullfont!
Missing character: There is no т ("442) in font nullfont!
Missing character: There is no у ("443) in font nullfont!
Missing character: There is no р ("440) in font nullfont!
Missing character: There is no а ("430) in font nullfont!
Missing character: There is no S ("53) in font nullfont!
Missing character: There is no e ("65) in font nullfont!
Missing character: There is no r ("72) in font nullfont!
Missing character: There is no v ("76) in font nullfont!
Missing character: There is no i ("69) in font nullfont!
Missing character: There is no c ("63) in font nullfont!
Missing character: There is no e ("65) in font nullfont!
Missing character: There is no M ("4D) in font nullfont!
Missing character: There is no e ("65) in font nullfont!
Missing character: There is no s ("73) in font nullfont!
Missing character: There is no h ("68) in font nullfont!
Missing character: There is no д ("434) in font nullfont!
Missing character: There is no л ("43B) in font nullfont!
Missing character: There is no я ("44F) in font nullfont!
Missing character: There is no 1 ("31) in font nullfont!
Missing character: There is no С ("421) in font nullfont!
Missing character: There is no о ("43E) in font nullfont!
Missing character: There is no б ("431) in font nullfont!
Missing character: There is no л ("43B) in font nullfont!
Missing character: There is no а ("430) in font nullfont!
Missing character: There is no к ("43A) in font nullfont!
Missing character: There is no а ("430) in font nullfont!
Missing character: There is no . ("2E) in font nullfont!
Missing character: There is no Т ("422) in font nullfont!
Missing character: There is no а ("430) in font nullfont!
Missing character: There is no к ("43A) in font nullfont!
Missing character: There is no ж ("436) in font nullfont!
Missing character: There is no е ("435) in font nullfont!
Missing character: There is no б ("431) in font nullfont!
Missing character: There is no ы ("44B) in font nullfont!
Missing character: There is no л ("43B) in font nullfont!
Missing character: There is no а ("430) in font nullfont!
Missing character: There is no р ("440) in font nullfont!
Missing character: There is no е ("435) in font nullfont!
Missing character: There is no а ("430) in font nullfont!
Missing character: There is no л ("43B) in font nullfont!
Missing character: There is no и ("438) in font nullfont!
Missing character: There is no з ("437) in font nullfont!
Missing character: There is no о ("43E) in font nullfont!
Missing character: There is no в ("432) in font nullfont!
Missing character: There is no а ("430) in font nullfont!
Missing character: There is no н ("43D) in font nullfont!
Missing character: There is no о ("43E) in font nullfont!
Missing character: There is no п ("43F) in font nullfont!
Missing character: There is no р ("440) in font nullfont!
Missing character: There is no и ("438) in font nullfont!
Missing character: There is no л ("43B) in font nullfont!
Missing character: There is no о ("43E) in font nullfont!
Missing character: There is no ж ("436) in font nullfont!
Missing character: There is no е ("435) in font nullfont!
Missing character: There is no н ("43D) in font nullfont!
Missing character: There is no и ("438) in font nullfont!
Missing character: There is no е ("435) in font nullfont!
Missing character: There is no C ("43) in font nullfont!
Missing character: There is no o ("6F) in font nullfont!
Missing character: There is no n ("6E) in font nullfont!
Missing character: There is no t ("74) in font nullfont!
Missing character: There is no r ("72) in font nullfont!
Missing character: There is no o ("6F) in font nullfont!
Missing character: There is no l ("6C) in font nullfont!
Missing character: There is no l ("6C) in font nullfont!
Missing character: There is no e ("65) in font nullfont!
Missing character: There is no r ("72) in font nullfont!
Missing character: There is no , ("2C) in font nullfont!
Missing character: There is no в ("432) in font nullfont!
Missing character: There is no х ("445) in font nullfont!
Missing character: There is no о ("43E) in font nullfont!
Missing character: There is no д ("434) in font nullfont!
Missing character: There is no я ("44F) in font nullfont!
Missing character: There is no щ ("449) in font nullfont!
Missing character: There is no и ("438) in font nullfont!
Missing character: There is no е ("435) in font nullfont!
Missing character: There is no в ("432) in font nullfont!
Missing character: There is no S ("53) in font nullfont!
Missing character: There is no e ("65) in font nullfont!
Missing character: There is no r ("72) in font nullfont!
Missing character: There is no v ("76) in font nullfont!
Missing character: There is no i ("69) in font nullfont!
Missing character: There is no c ("63) in font nullfont!
Missing character: There is no e ("65) in font nullfont!
Missing character: There is no M ("4D) in font nullfont!
Missing character: There is no e ("65) in font nullfont!
Missing character: There is no s ("73) in font nullfont!
Missing character: There is no h ("68) in font nullfont!
Missing character: There is no C ("43) in font nullfont!
Missing character: There is no o ("6F) in font nullfont!
Missing character: There is no n ("6E) in font nullfont!
Missing character: There is no t ("74) in font nullfont!
Missing character: There is no r ("72) in font nullfont!
Missing character: There is no o ("6F) in font nullfont!
Missing character: There is no l ("6C) in font nullfont!
Missing character: There is no P ("50) in font nullfont!
Missing character: There is no l ("6C) in font nullfont!
Missing character: There is no a ("61) in font nullfont!
Missing character: There is no n ("6E) in font nullfont!
Missing character: There is no e ("65) in font nullfont!
Missing character: There is no и ("438) in font nullfont!
Missing character: There is no н ("43D) in font nullfont!
Missing character: There is no а ("430) in font nullfont!
Missing character: There is no б ("431) in font nullfont!
Missing character: There is no о ("43E) in font nullfont!
Missing character: There is no р ("440) in font nullfont!
Missing character: There is no и ("438) in font nullfont!
Missing character: There is no н ("43D) in font nullfont!
Missing character: There is no с ("441) in font nullfont!
Missing character: There is no т ("442) in font nullfont!
Missing character: There is no р ("440) in font nullfont!
Missing character: There is no у ("443) in font nullfont!
Missing character: There is no м ("43C) in font nullfont!
Missing character: There is no е ("435) in font nullfont!
Missing character: There is no н ("43D) in font nullfont!
Missing character: There is no т ("442) in font nullfont!
Missing character: There is no о ("43E) in font nullfont!
Missing character: There is no в ("432) in font nullfont!
Missing character: There is no , ("2C) in font nullfont!
Missing character: There is no п ("43F) in font nullfont!
Missing character: There is no о ("43E) in font nullfont!
Missing character: There is no з ("437) in font nullfont!
Missing character: There is no в ("432) in font nullfont!
Missing character: There is no о ("43E) in font nullfont!
Missing character: There is no л ("43B) in font nullfont!
Missing character: There is no я ("44F) in font nullfont!
Missing character: There is no ю ("44E) in font nullfont!
Missing character: There is no щ ("449) in font nullfont!
Missing character: There is no и ("438) in font nullfont!
Missing character: There is no х ("445) in font nullfont!
Missing character: There is no с ("441) in font nullfont!
Missing character: There is no л ("43B) in font nullfont!
Missing character: There is no е ("435) in font nullfont!
Missing character: There is no г ("433) in font nullfont!
Missing character: There is no к ("43A) in font nullfont!
Missing character: There is no о ("43E) in font nullfont!
Missing character: There is no н ("43D) in font nullfont!
Missing character: There is no а ("430) in font nullfont!
Missing character: There is no с ("441) in font nullfont!
Missing character: There is no т ("442) in font nullfont!
Missing character: There is no р ("440) in font nullfont!
Missing character: There is no а ("430) in font nullfont!
Missing character: There is no и ("438) in font nullfont!
Missing character: There is no в ("432) in font nullfont!
Missing character: There is no а ("430) in font nullfont!
Missing character: There is no т ("442) in font nullfont!
Missing character: There is no ь ("44C) in font nullfont!
Missing character: There is no S ("53) in font nullfont!
Missing character: There is no e ("65) in font nullfont!
Missing character: There is no r ("72) in font nullfont!
Missing character: There is no v ("76) in font nullfont!
Missing character: There is no i ("69) in font nullfont!
Missing character: There is no c ("63) in font nullfont!
Missing character: There is no e ("65) in font nullfont!
Missing character: There is no M ("4D) in font nullfont!
Missing character: There is no e ("65) in font nullfont!
Missing character: There is no s ("73) in font nullfont!
Missing character: There is no h ("68) in font nullfont!
Missing character: There is no D ("44) in font nullfont!
Missing character: There is no a ("61) in font nullfont!
Missing character: There is no t ("74) in font nullfont!
Missing character: There is no a ("61) in font nullfont!
Missing character: There is no P ("50) in font nullfont!
Missing character: There is no l ("6C) in font nullfont!
Missing character: There is no a ("61) in font nullfont!
Missing character: There is no n ("6E) in font nullfont!
Missing character: There is no e ("65) in font nullfont!
Missing character: There is no . ("2E) in font nullfont!

Overfull \hbox (20.0pt too wide) in paragraph at lines 8--9
[]
 []


! LaTeX Error: Missing \begin{document}.

See the LaTeX manual or LaTeX Companion for explanation.
Type  H <return>  for immediate help.
 ...                                              
                                                  
l.10 П
      ри дальнейших исследованиях планируется проверить колличество потребля...

You're in trouble here.  Try typing  <return>  to proceed.
If that doesn't work, type  X <return>  to quit.

Missing character: There is no П ("41F) in font nullfont!
Missing character: There is no р ("440) in font nullfont!
Missing character: There is no и ("438) in font nullfont!
Missing character: There is no д ("434) in font nullfont!
Missing character: There is no а ("430) in font nullfont!
Missing character: There is no л ("43B) in font nullfont!
Missing character: There is no ь ("44C) in font nullfont!
Missing character: There is no н ("43D) in font nullfont!
Missing character: There is no е ("435) in font nullfont!
Missing character: There is no й ("439) in font nullfont!
Missing character: There is no ш ("448) in font nullfont!
Missing character: There is no и ("438) in font nullfont!
Missing character: There is no х ("445) in font nullfont!
Missing character: There is no и ("438) in font nullfont!
Missing character: There is no с ("441) in font nullfont!
Missing character: There is no с ("441) in font nullfont!
Missing character: There is no л ("43B) in font nullfont!
Missing character: There is no е ("435) in font nullfont!
Missing character: There is no д ("434) in font nullfont!
Missing character: There is no о ("43E) in font nullfont!
Missing character: There is no в ("432) in font nullfont!
Missing character: There is no а ("430) in font nullfont!
Missing character: There is no н ("43D) in font nullfont!
Missing character: There is no и ("438) in font nullfont!
Missing character: There is no я ("44F) in font nullfont!
Missing character: There is no х ("445) in font nullfont!
Missing character: There is no п ("43F) in font nullfont!
Missing character: There is no л ("43B) in font nullfont!
Missing character: There is no а ("430) in font nullfont!
Missing character: There is no н ("43D) in font nullfont!
Missing character: There is no и ("438) in font nullfont!
Missing character: There is no р ("440) in font nullfont!
Missing character: There is no у ("443) in font nullfont!
Missing character: There is no е ("435) in font nullfont!
Missing character: There is no т ("442) in font nullfont!
Missing character: There is no с ("441) in font nullfont!
Missing character: There is no я ("44F) in font nullfont!
Missing character: There is no п ("43F) in font nullfont!
Missing character: There is no р ("440) in font nullfont!
Missing character: There is no о ("43E) in font nullfont!
Missing character: There is no в ("432) in font nullfont!
Missing character: There is no е ("435) in font nullfont!
Missing character: There is no р ("440) in font nullfont!
Missing character: There is no и ("438) in font nullfont!
Missing character: There is no т ("442) in font nullfont!
Missing character: There is no ь ("44C) in font nullfont!
Missing character: There is no к ("43A) in font nullfont!
Missing character: There is no о ("43E) in font nullfont!
Missing character: There is no л ("43B) in font nullfont!
Missing character: There is no л ("43B) in font nullfont!
Missing character: There is no и ("438) in font nullfont!
Missing character: There is no ч ("447) in font nullfont!
Missing character: There is no е ("435) in font nullfont!
Missing character: There is no с ("441) in font nullfont!
Missing character: There is no т ("442) in font nullfont!
Missing character: There is no в ("432) in font nullfont!
Missing character: There is no о ("43E) in font nullfont!
Missing character: There is no п ("43F) in font nullfont!
Missing character: There is no о ("43E) in font nullfont!
Missing character: There is no т ("442) in font nullfont!
Missing character: There is no р ("440) in font nullfont!
Missing character: There is no е ("435) in font nullfont!
Missing character: There is no б ("431) in font nullfont!
Missing character: There is no л ("43B) in font nullfont!
Missing character: There is no я ("44F) in font nullfont!
Missing character: There is no е ("435) in font nullfont!
Missing character: There is no м ("43C) in font nullfont!
Missing character: There is no ы ("44B) in font nullfont!
Missing character: There is no х ("445) in font nullfont!
Missing character: There is no р ("440) in font nullfont!
Missing character: There is no е ("435) in font nullfont!
Missing character: There is no с ("441) in font nullfont!
Missing character: There is no у ("443) in font nullfont!
Missing character: There is no р ("440) in font nullfont!
Missing character: There is no с ("441) in font nullfont!
Missing character: There is no о ("43E) in font nullfont!
Missing character: There is no в ("432) in font nullfont!
Missing character: There is no д ("434) in font nullfont!
Missing character: There is no а ("430) in font nullfont!
Missing character: There is no н ("43D) in font nullfont!
Missing character: There is no н ("43D) in font nullfont!
Missing character: There is no о ("43E) in font nullfont!
Missing character: There is no г ("433) in font nullfont!
Missing character: There is no о ("43E) in font nullfont!
Missing character: There is no п ("43F) in font nullfont!
Missing character: There is no р ("440) in font nullfont!
Missing character: There is no и ("438) in font nullfont!
Missing character: There is no л ("43B) in font nullfont!
Missing character: There is no о ("43E) in font nullfont!
Missing character: There is no ж ("436) in font nullfont!
Missing character: There is no е ("435) in font nullfont!
Missing character: There is no н ("43D) in font nullfont!
Missing character: There is no и ("438) in font nullfont!
Missing character: There is no я ("44F) in font nullfont!
Missing character: There is no п ("43F) in font nullfont!
Missing character: There is no р ("440) in font nullfont!
Missing character: There is no и ("438) in font nullfont!
Missing character: There is no б ("431) in font nullfont!
Missing character: There is no о ("43E) in font nullfont!
Missing character: There is no л ("43B) in font nullfont!
Missing character: There is no ь ("44C) in font nullfont!
Missing character: There is no ш ("448) in font nullfont!
Missing character: There is no е ("435) in font nullfont!
Missing character: There is no й ("439) in font nullfont!
Missing character: There is no н ("43D) in font nullfont!
Missing character: There is no а ("430) in font nullfont!
Missing character: There is no г ("433) in font nullfont!
Missing character: There is no р ("440) in font nullfont!
Missing character: There is no у ("443) in font nullfont!
Missing character: There is no з ("437) in font nullfont!
Missing character: There is no к ("43A) in font nullfont!
Missing character: There is no е ("435) in font nullfont!
Missing character: There is no и ("438) in font nullfont!
Missing character: There is no п ("43F) in font nullfont!
Missing character: There is no р ("440) in font nullfont!
Missing character: There is no и ("438) in font nullfont!
Missing character: There is no н ("43D) in font nullfont!
Missing character: There is no е ("435) in font nullfont!
Missing character: There is no г ("433) in font nullfont!
Missing character: There is no а ("430) in font nullfont!
Missing character: There is no т ("442) in font nullfont!
Missing character: There is no и ("438) in font nullfont!
Missing character: There is no в ("432) in font nullfont!
Missing character: There is no н ("43D) in font nullfont!
Missing character: There is no ы ("44B) in font nullfont!
Missing character: There is no х ("445) in font nullfont!
Missing character: There is no р ("440) in font nullfont!
Missing character: There is no е ("435) in font nullfont!
Missing character: There is no з ("437) in font nullfont!
Missing character: There is no у ("443) in font nullfont!
Missing character: There is no л ("43B) in font nullfont!
Missing character: There is no ь ("44C) in font nullfont!
Missing character: There is no т ("442) in font nullfont!
Missing character: There is no а ("430) in font nullfont!
Missing character: There is no т ("442) in font nullfont!
Missing character: There is no а ("430) in font nullfont!
Missing character: There is no х ("445) in font nullfont!
Missing character: There is no м ("43C) in font nullfont!
Missing character: There is no о ("43E) in font nullfont!
Missing character: There is no ж ("436) in font nullfont!
Missing character: There is no н ("43D) in font nullfont!
Missing character: There is no о ("43E) in font nullfont!
Missing character: There is no р ("440) in font nullfont!
Missing character: There is no а ("430) in font nullfont!
Missing character: There is no с ("441) in font nullfont!
Missing character: There is no с ("441) in font nullfont!
Missing character: There is no м ("43C) in font nullfont!
Missing character: There is no а ("430) in font nullfont!
Missing character: There is no т ("442) in font nullfont!
Missing character: There is no р ("440) in font nullfont!
Missing character: There is no и ("438) in font nullfont!
Missing character: There is no в ("432) in font nullfont!
Missing character: There is no а ("430) in font nullfont!
Missing character: There is no т ("442) in font nullfont!
Missing character: There is no ь ("44C) in font nullfont!
Missing character: There is no т ("442) in font nullfont!
Missing character: There is no а ("430) in font nullfont!
Missing character: There is no к ("43A) in font nullfont!
Missing character: There is no и ("438) in font nullfont!
Missing character: There is no е ("435) in font nullfont!
Missing character: There is no у ("443) in font nullfont!
Missing character: There is no л ("43B) in font nullfont!
Missing character: There is no у ("443) in font nullfont!
Missing character: There is no ч ("447) in font nullfont!
Missing character: There is no ш ("448) in font nullfont!
Missing character: There is no е ("435) in font nullfont!
Missing character: There is no н ("43D) in font nullfont!
Missing character: There is no и ("438) in font nullfont!
Missing character: There is no я ("44F) in font nullfont!
Missing character: There is no к ("43A) in font nullfont!
Missing character: There is no а ("430) in font nullfont!
Missing character: There is no к ("43A) in font nullfont!
Missing character: There is no с ("441) in font nullfont!
Missing character: There is no м ("43C) in font nullfont!
Missing character: There is no е ("435) in font nullfont!
Missing character: There is no н ("43D) in font nullfont!
Missing character: There is no а ("430) in font nullfont!
Missing character: There is no т ("442) in font nullfont!
Missing character: There is no р ("440) in font nullfont!
Missing character: There is no а ("430) in font nullfont!
Missing character: There is no н ("43D) in font nullfont!
Missing character: There is no с ("441) in font nullfont!
Missing character: There is no п ("43F) in font nullfont!
Missing character: There is no о ("43E) in font nullfont!
Missing character: There is no р ("440) in font nullfont!
Missing character: There is no т ("442) in font nullfont!
Missing character: There is no н ("43D) in font nullfont!
Missing character: There is no о ("43E) in font nullfont!
Missing character: There is no г ("433) in font nullfont!
Missing character: There is no о ("43E) in font nullfont!
Missing character: There is no п ("43F) in font nullfont!
Missing character: There is no р ("440) in font nullfont!
Missing character: There is no о ("43E) in font nullfont!
Missing character: There is no т ("442) in font nullfont!
Missing character: There is no о ("43E) in font nullfont!
Missing character: There is no к ("43A) in font nullfont!
Missing character: There is no о ("43E) in font nullfont!
Missing character: There is no л ("43B) in font nullfont!
Missing character: There is no а ("430) in font nullfont!
Missing character: There is no E ("45) in font nullfont!
Missing character: There is no n ("6E) in font nullfont!
Missing character: There is no v ("76) in font nullfont!
Missing character: There is no o ("6F) in font nullfont!
Missing character: There is no y ("79) in font nullfont!
Missing character: There is no н ("43D) in font nullfont!
Missing character: There is no а ("430) in font nullfont!
Missing character: There is no т ("442) in font nullfont!
Missing character: There is no о ("43E) in font nullfont!
Missing character: There is no , ("2C) in font nullfont!
Missing character: There is no ч ("447) in font nullfont!
Missing character: There is no т ("442) in font nullfont!
Missing character: There is no о ("43E) in font nullfont!
Missing character: There is no б ("431) in font nullfont!
Missing character: There is no ы ("44B) in font nullfont!
Missing character: There is no в ("432) in font nullfont!
Missing character: There is no р ("440) in font nullfont!
Missing character: There is no а ("430) in font nullfont!
Missing character: There is no м ("43C) in font nullfont!
Missing character: There is no к ("43A) in font nullfont!
Missing character: There is no а ("430) in font nullfont!
Missing character: There is no х ("445) in font nullfont!
Missing character: There is no з ("437) in font nullfont!
Missing character: There is no а ("430) in font nullfont!
Missing character: There is no п ("43F) in font nullfont!
Missing character: There is no р ("440) in font nullfont!
Missing character: There is no о ("43E) in font nullfont!
Missing character: There is no с ("441) in font nullfont!
Missing character: There is no а ("430) in font nullfont!
Missing character: There is no н ("43D) in font nullfont!
Missing character: There is no а ("430) in font nullfont!
Missing character: There is no о ("43E) in font nullfont!
Missing character: There is no б ("431) in font nullfont!
Missing character: There is no н ("43D) in font nullfont!
Missing character: There is no о ("43E) in font nullfont!
Missing character: There is no в ("432) in font nullfont!
Missing character: There is no л ("43B) in font nullfont!
Missing character: There is no е ("435) in font nullfont!
Missing character: There is no н ("43D) in font nullfont!
Missing character: There is no и ("438) in font nullfont!
Missing character: There is no е ("435) in font nullfont!
Missing character: There is no к ("43A) in font nullfont!
Missing character: There is no о ("43E) in font nullfont!
Missing character: There is no н ("43D) in font nullfont!
Missing character: There is no ф ("444) in font nullfont!
Missing character: There is no и ("438) in font nullfont!
Missing character: There is no г ("433) in font nullfont!
Missing character: There is no у ("443) in font nullfont!
Missing character: There is no р ("440) in font nullfont!
Missing character: There is no а ("430) in font nullfont!
Missing character: There is no ц ("446) in font nullfont!
Missing character: There is no и ("438) in font nullfont!
Missing character: There is no и ("438) in font nullfont!
Missing character: There is no н ("43D) in font nullfont!
Missing character: There is no е ("435) in font nullfont!
Missing character: There is no п ("43F) in font nullfont!
Missing character: There is no р ("440) in font nullfont!
Missing character: There is no о ("43E) in font nullfont!
Missing character: There is no и ("438) in font nullfont!
Missing character: There is no с ("441) in font nullfont!
Missing character: There is no х ("445) in font nullfont!
Missing character: There is no о ("43E) in font nullfont!
Missing character: There is no д ("434) in font nullfont!
Missing character: There is no и ("438) in font nullfont!
Missing character: There is no л ("43B) in font nullfont!
Missing character: There is no а ("430) in font nullfont!
Missing character: There is no п ("43F) in font nullfont!
Missing character: There is no о ("43E) in font nullfont!
Missing character: There is no л ("43B) in font nullfont!
Missing character: There is no н ("43D) in font nullfont!
Missing character: There is no а ("430) in font nullfont!
Missing character: There is no я ("44F) in font nullfont!
Missing character: There is no п ("43F) in font nullfont!
Missing character: There is no е ("435) in font nullfont!
Missing character: There is no р ("440) in font nullfont!
Missing character: There is no е ("435) in font nullfont!
Missing character: There is no к ("43A) in font nullfont!
Missing character: There is no о ("43E) in font nullfont!
Missing character: There is no н ("43D) in font nullfont!
Missing character: There is no ф ("444) in font nullfont!
Missing character: There is no и ("438) in font nullfont!
Missing character: There is no г ("433) in font nullfont!
Missing character: There is no у ("443) in font nullfont!
Missing character: There is no р ("440) in font nullfont!
Missing character: There is no а ("430) in font nullfont!
Missing character: There is no ц ("446) in font nullfont!
Missing character: There is no и ("438) in font nullfont!
Missing character: There is no я ("44F) in font nullfont!
Missing character: There is no , ("2C) in font nullfont!
Missing character: There is no а ("430) in font nullfont!
Missing character: There is no т ("442) in font nullfont!
Missing character: There is no о ("43E) in font nullfont!
Missing character: There is no л ("43B) in font nullfont!
Missing character: There is no ь ("44C) in font nullfont!
Missing character: There is no к ("43A) in font nullfont!
Missing character: There is no о ("43E) in font nullfont!
Missing character: There is no р ("440) in font nullfont!
Missing character: There is no а ("430) in font nullfont!
Missing character: There is no з ("437) in font nullfont!
Missing character: There is no н ("43D) in font nullfont!
Missing character: There is no и ("438) in font nullfont!
Missing character: There is no ц ("446) in font nullfont!
Missing character: There is no а ("430) in font nullfont!
Missing character: There is no м ("43C) in font nullfont!
Missing character: There is no е ("435) in font nullfont!
Missing character: There is no ж ("436) in font nullfont!
Missing character: There is no д ("434) in font nullfont!
Missing character: There is no у ("443) in font nullfont!
Missing character: There is no т ("442) in font nullfont!
Missing character: There is no е ("435) in font nullfont!
Missing character: There is no к ("43A) in font nullfont!
Missing character: There is no у ("443) in font nullfont!
Missing character: There is no щ ("449) in font nullfont!
Missing character: There is no е ("435) in font nullfont!
Missing character: There is no й ("439) in font nullfont!
Missing character: There is no к ("43A) in font nullfont!
Missing character: There is no о ("43E) in font nullfont!
Missing character: There is no н ("43D) in font nullfont!
Missing character: There is no ф ("444) in font nullfont!
Missing character: There is no и ("438) in font nullfont!
Missing character: There is no г ("433) in font nullfont!
Missing character: There is no у ("443) in font nullfont!
Missing character: There is no р ("440) in font nullfont!
Missing character: There is no а ("430) in font nullfont!
Missing character: There is no ц ("446) in font nullfont!
Missing character: There is no и ("438) in font nullfont!
Missing character: There is no е ("435) in font nullfont!
Missing character: There is no й ("439) in font nullfont!
Missing character: There is no и ("438) in font nullfont!
Missing character: There is no н ("43D) in font nullfont!
Missing character: There is no о ("43E) in font nullfont!
Missing character: There is no в ("432) in font nullfont!
Missing character: There is no о ("43E) in font nullfont!
Missing character: There is no й ("439) in font nullfont!
Missing character: There is no . ("2E) in font nullfont!
Missing character: There is no Т ("422) in font nullfont!
Missing character: There is no а ("430) in font nullfont!
Missing character: There is no к ("43A) in font nullfont!
Missing character: There is no ж ("436) in font nullfont!
Missing character: There is no е ("435) in font nullfont!
Missing character: There is no о ("43E) in font nullfont!
Missing character: There is no ч ("447) in font nullfont!
Missing character: There is no е ("435) in font nullfont!
Missing character: There is no р ("440) in font nullfont!
Missing character: There is no е ("435) in font nullfont!
Missing character: There is no д ("434) in font nullfont!
Missing character: There is no ь ("44C) in font nullfont!
Missing character: There is no з ("437) in font nullfont!
Missing character: There is no а ("430) in font nullfont!
Missing character: There is no п ("43F) in font nullfont!
Missing character: There is no р ("440) in font nullfont!
Missing character: There is no о ("43E) in font nullfont!
Missing character: There is no с ("441) in font nullfont!
Missing character: There is no о ("43E) in font nullfont!
Missing character: There is no в ("432) in font nullfont!
Missing character: There is no м ("43C) in font nullfont!
Missing character: There is no о ("43E) in font nullfont!
Missing character: There is no ж ("436) in font nullfont!
Missing character: There is no е ("435) in font nullfont!
Missing character: There is no т ("442) in font nullfont!
Missing character: There is no п ("43F) in font nullfont!
Missing character: There is no е ("435) in font nullfont!
Missing character: There is no р ("440) in font nullfont!
Missing character: There is no е ("435) in font nullfont!
Missing character: There is no п ("43F) in font nullfont!
Missing character: There is no о ("43E) in font nullfont!
Missing character: There is no л ("43B) in font nullfont!
Missing character: There is no н ("43D) in font nullfont!
Missing character: There is no и ("438) in font nullfont!
Missing character: There is no т ("442) in font nullfont!
Missing character: There is no ь ("44C) in font nullfont!
Missing character: There is no с ("441) in font nullfont!
Missing character: There is no я ("44F) in font nullfont!
Missing character: There is no и ("438) in font nullfont!
Missing character: There is no м ("43C) in font nullfont!
Missing character: There is no о ("43E) in font nullfont!
Missing character: There is no ж ("436) in font nullfont!
Missing character: There is no е ("435) in font nullfont!
Missing character: There is no т ("442) in font nullfont!
Missing character: There is no п ("43F) in font nullfont!
Missing character: There is no о ("43E) in font nullfont!
Missing character: There is no т ("442) in font nullfont!
Missing character: There is no р ("440) in font nullfont!
Missing character: There is no е ("435) in font nullfont!
Missing character: There is no б ("431) in font nullfont!
Missing character: There is no о ("43E) in font nullfont!
Missing character: There is no в ("432) in font nullfont!
Missing character: There is no а ("430) in font nullfont!
Missing character: There is no т ("442) in font nullfont!
Missing character: There is no ь ("44C) in font nullfont!
Missing character: There is no с ("441) in font nullfont!
Missing character: There is no я ("44F) in font nullfont!
Missing character: There is no в ("432) in font nullfont!
Missing character: There is no ы ("44B) in font nullfont!
Missing character: There is no н ("43D) in font nullfont!
Missing character: There is no е ("435) in font nullfont!
Missing character: There is no с ("441) in font nullfont!
Missing character: There is no т ("442) in font nullfont!
Missing character: There is no и ("438) in font nullfont!
Missing character: There is no е ("435) in font nullfont!
Missing character: There is no е ("435) in font nullfont!
Missing character: There is no в ("432) in font nullfont!
Missing character: There is no о ("43E) in font nullfont!
Missing character: There is no т ("442) in font nullfont!
Missing character: There is no д ("434) in font nullfont!
Missing character: There is no е ("435) in font nullfont!
Missing character: There is no л ("43B) in font nullfont!
Missing character: There is no ь ("44C) in font nullfont!
Missing character: There is no н ("43D) in font nullfont!
Missing character: There is no о ("43E) in font nullfont!
Missing character: There is no е ("435) in font nullfont!
Missing character: There is no п ("43F) in font nullfont!
Missing character: There is no р ("440) in font nullfont!
Missing character: There is no и ("438) in font nullfont!
Missing character: There is no л ("43B) in font nullfont!
Missing character: There is no о ("43E) in font nullfont!
Missing character: There is no ж ("436) in font nullfont!
Missing character: There is no е ("435) in font nullfont!
Missing character: There is no н ("43D) in font nullfont!
Missing character: There is no и ("438) in font nullfont!
Missing character: There is no е ("435) in font nullfont!
Missing character: There is no , ("2C) in font nullfont!
Missing character: There is no т ("442) in font nullfont!
Missing character: There is no а ("430) in font nullfont!
Missing character: There is no к ("43A) in font nullfont!
Missing character: There is no о ("43E) in font nullfont!
Missing character: There is no е ("435) in font nullfont!
Missing character: There is no к ("43A) in font nullfont!
Missing character: There is no а ("430) in font nullfont!
Missing character: There is no к ("43A) in font nullfont!
Missing character: There is no K ("4B) in font nullfont!
Missing character: There is no a ("61) in font nullfont!
Missing character: There is no f ("66) in font nullfont!
Missing character: There is no k ("6B) in font nullfont!
Missing character: There is no a ("61) in font nullfont!
Missing character: There is no и ("438) in font nullfont!
Missing character: There is no л ("43B) in font nullfont!
Missing character: There is no и ("438) in font nullfont!
Missing character: There is no R ("52) in font nullfont!
Missing character: There is no a ("61) in font nullfont!
Missing character: There is no b ("62) in font nullfont!
Missing character: There is no b ("62) in font nullfont!
Missing character: There is no i ("69) in font nullfont!
Missing character: There is no t ("74) in font nullfont!
Missing character: There is no M ("4D) in font nullfont!
Missing character: There is no Q ("51) in font nullfont!
Missing character: There is no . ("2E) in font nullfont!

Overfull \hbox (20.0pt too wide) in paragraph at lines 10--11
[]
 []


! LaTeX Error: Missing \begin{document}.

See the LaTeX manual or LaTeX Companion for explanation.
Type  H <return>  for immediate help.
 ...                                              
                                                  
l.13 Д
      ругим вектором для будущих исследований может быть добавление новой фу...

You're in trouble here.  Try typing  <return>  to proceed.
If that doesn't work, type  X <return>  to quit.

Missing character: There is no Д ("414) in font nullfont!
Missing character: There is no р ("440) in font nullfont!
Missing character: There is no у ("443) in font nullfont!
Missing character: There is no г ("433) in font nullfont!
Missing character: There is no и ("438) in font nullfont!
Missing character: There is no м ("43C) in font nullfont!
Missing character: There is no в ("432) in font nullfont!
Missing character: There is no е ("435) in font nullfont!
Missing character: There is no к ("43A) in font nullfont!
Missing character: There is no т ("442) in font nullfont!
Missing character: There is no о ("43E) in font nullfont!
Missing character: There is no р ("440) in font nullfont!
Missing character: There is no о ("43E) in font nullfont!
Missing character: There is no м ("43C) in font nullfont!
Missing character: There is no д ("434) in font nullfont!
Missing character: There is no л ("43B) in font nullfont!
Missing character: There is no я ("44F) in font nullfont!
Missing character: There is no б ("431) in font nullfont!
Missing character: There is no у ("443) in font nullfont!
Missing character: There is no д ("434) in font nullfont!
Missing character: There is no у ("443) in font nullfont!
Missing character: There is no щ ("449) in font nullfont!
Missing character: There is no и ("438) in font nullfont!
Missing character: There is no х ("445) in font nullfont!
Missing character: There is no и ("438) in font nullfont!
Missing character: There is no с ("441) in font nullfont!
Missing character: There is no с ("441) in font nullfont!
Missing character: There is no л ("43B) in font nullfont!
Missing character: There is no е ("435) in font nullfont!
Missing character: There is no д ("434) in font nullfont!
Missing character: There is no о ("43E) in font nullfont!
Missing character: There is no в ("432) in font nullfont!
Missing character: There is no а ("430) in font nullfont!
Missing character: There is no н ("43D) in font nullfont!
Missing character: There is no и ("438) in font nullfont!
Missing character: There is no й ("439) in font nullfont!
Missing character: There is no м ("43C) in font nullfont!
Missing character: There is no о ("43E) in font nullfont!
Missing character: There is no ж ("436) in font nullfont!
Missing character: There is no е ("435) in font nullfont!
Missing character: There is no т ("442) in font nullfont!
Missing character: There is no б ("431) in font nullfont!
Missing character: There is no ы ("44B) in font nullfont!
Missing character: There is no т ("442) in font nullfont!
Missing character: There is no ь ("44C) in font nullfont!
Missing character: There is no д ("434) in font nullfont!
Missing character: There is no о ("43E) in font nullfont!
Missing character: There is no б ("431) in font nullfont!
Missing character: There is no а ("430) in font nullfont!
Missing character: There is no в ("432) in font nullfont!
Missing character: There is no л ("43B) in font nullfont!
Missing character: There is no е ("435) in font nullfont!
Missing character: There is no н ("43D) in font nullfont!
Missing character: There is no и ("438) in font nullfont!
Missing character: There is no е ("435) in font nullfont!
Missing character: There is no н ("43D) in font nullfont!
Missing character: There is no о ("43E) in font nullfont!
Missing character: There is no в ("432) in font nullfont!
Missing character: There is no о ("43E) in font nullfont!
Missing character: There is no й ("439) in font nullfont!
Missing character: There is no ф ("444) in font nullfont!
Missing character: There is no у ("443) in font nullfont!
Missing character: There is no н ("43D) in font nullfont!
Missing character: There is no к ("43A) in font nullfont!
Missing character: There is no ц ("446) in font nullfont!
Missing character: There is no и ("438) in font nullfont!
Missing character: There is no о ("43E) in font nullfont!
Missing character: There is no н ("43D) in font nullfont!
Missing character: There is no а ("430) in font nullfont!
Missing character: There is no л ("43B) in font nullfont!
Missing character: There is no ь ("44C) in font nullfont!
Missing character: There is no н ("43D) in font nullfont!
Missing character: There is no о ("43E) in font nullfont!
Missing character: There is no с ("441) in font nullfont!
Missing character: There is no т ("442) in font nullfont!
Missing character: There is no и ("438) in font nullfont!
Missing character: There is no д ("434) in font nullfont!
Missing character: There is no л ("43B) in font nullfont!
Missing character: There is no я ("44F) in font nullfont!
Missing character: There is no S ("53) in font nullfont!
Missing character: There is no e ("65) in font nullfont!
Missing character: There is no r ("72) in font nullfont!
Missing character: There is no v ("76) in font nullfont!
Missing character: There is no i ("69) in font nullfont!
Missing character: There is no c ("63) in font nullfont!
Missing character: There is no e ("65) in font nullfont!
Missing character: There is no M ("4D) in font nullfont!
Missing character: There is no e ("65) in font nullfont!
Missing character: There is no s ("73) in font nullfont!
Missing character: There is no h ("68) in font nullfont!
Missing character: There is no , ("2C) in font nullfont!
Missing character: There is no н ("43D) in font nullfont!
Missing character: There is no а ("430) in font nullfont!
Missing character: There is no п ("43F) in font nullfont!
Missing character: There is no р ("440) in font nullfont!
Missing character: There is no и ("438) in font nullfont!
Missing character: There is no м ("43C) in font nullfont!
Missing character: There is no е ("435) in font nullfont!
Missing character: There is no р ("440) in font nullfont!
Missing character: There is no , ("2C) in font nullfont!
Missing character: There is no о ("43E) in font nullfont!
Missing character: There is no б ("431) in font nullfont!
Missing character: There is no е ("435) in font nullfont!
Missing character: There is no с ("441) in font nullfont!
Missing character: There is no п ("43F) in font nullfont!
Missing character: There is no е ("435) in font nullfont!
Missing character: There is no ч ("447) in font nullfont!
Missing character: There is no е ("435) in font nullfont!
Missing character: There is no н ("43D) in font nullfont!
Missing character: There is no и ("438) in font nullfont!
Missing character: There is no е ("435) in font nullfont!
Missing character: There is no б ("431) in font nullfont!
Missing character: There is no е ("435) in font nullfont!
Missing character: There is no з ("437) in font nullfont!
Missing character: There is no о ("43E) in font nullfont!
Missing character: There is no п ("43F) in font nullfont!
Missing character: There is no с ("441) in font nullfont!
Missing character: There is no н ("43D) in font nullfont!
Missing character: There is no о ("43E) in font nullfont!
Missing character: There is no с ("441) in font nullfont!
Missing character: There is no т ("442) in font nullfont!
Missing character: There is no и ("438) in font nullfont!
Missing character: There is no . ("2E) in font nullfont!
)
! Emergency stop.
<*> results.tex
               
*** (job aborted, no legal \end found)

 
Here is how much of TeX's memory you used:
 15 strings out of 476179
 297 string characters out of 5809545
 298513 words of memory out of 5000000
 20869 multiletter control sequences out of 15000+600000
 469259 words of font info for 28 fonts, out of 8000000 for 9000
 1348 hyphenation exceptions out of 8191
 12i,0n,12p,815b,18s stack positions out of 10000i,1000n,20000p,200000b,200000s
No pages of output.
